{"level":"info","message":"Fetching summaries...","timestamp":"2025-03-08T09:20:35.699Z"}
{"level":"info","message":"Retrieved 0 summaries","timestamp":"2025-03-08T09:20:35.711Z"}
{"level":"info","message":"Received summarization request for: https://example.com/article","timestamp":"2025-03-08T09:20:59.551Z"}
{"level":"info","message":"Summary created successfully: 67cc0bfb7332d8efd0e5c65c","timestamp":"2025-03-08T09:20:59.561Z"}
{"level":"info","message":"Server running on port 5000","timestamp":"2025-03-08T09:26:23.157Z"}
{"level":"info","message":"Server running on port 5000","timestamp":"2025-03-08T09:45:16.242Z"}
{"level":"info","message":"Fetching summaries...","timestamp":"2025-03-08T09:45:41.162Z"}
{"code":13,"codeName":"Unauthorized","errorLabelSet":{},"errorResponse":{"code":13,"codeName":"Unauthorized","errmsg":"not authorized on article_summarizer_db to execute command { find: \"summaries\", filter: {}, sort: { createdAt: -1 }, lsid: { id: UUID(\"e7c2063b-f7b6-451a-af90-ca597dd9ef40\") }, $db: \"article_summarizer_db\" }","ok":0},"level":"error","message":"Error fetching summaries: not authorized on article_summarizer_db to execute command { find: \"summaries\", filter: {}, sort: { createdAt: -1 }, lsid: { id: UUID(\"e7c2063b-f7b6-451a-af90-ca597dd9ef40\") }, $db: \"article_summarizer_db\" }","ok":0,"stack":"MongoServerError: not authorized on article_summarizer_db to execute command { find: \"summaries\", filter: {}, sort: { createdAt: -1 }, lsid: { id: UUID(\"e7c2063b-f7b6-451a-af90-ca597dd9ef40\") }, $db: \"article_summarizer_db\" }\n    at Connection.sendCommand (/workspaces/Article_Summarizer/server/node_modules/mongoose/node_modules/mongodb/lib/cmap/connection.js:299:27)\n    at process.processTicksAndRejections (node:internal/process/task_queues:95:5)\n    at async Connection.command (/workspaces/Article_Summarizer/server/node_modules/mongoose/node_modules/mongodb/lib/cmap/connection.js:327:26)\n    at async Server.command (/workspaces/Article_Summarizer/server/node_modules/mongoose/node_modules/mongodb/lib/sdam/server.js:168:29)\n    at async FindOperation.execute (/workspaces/Article_Summarizer/server/node_modules/mongoose/node_modules/mongodb/lib/operations/find.js:36:16)\n    at async tryOperation (/workspaces/Article_Summarizer/server/node_modules/mongoose/node_modules/mongodb/lib/operations/execute_operation.js:207:20)\n    at async executeOperation (/workspaces/Article_Summarizer/server/node_modules/mongoose/node_modules/mongodb/lib/operations/execute_operation.js:75:16)\n    at async FindCursor._initialize (/workspaces/Article_Summarizer/server/node_modules/mongoose/node_modules/mongodb/lib/cursor/find_cursor.js:61:26)\n    at async FindCursor.cursorInit (/workspaces/Article_Summarizer/server/node_modules/mongoose/node_modules/mongodb/lib/cursor/abstract_cursor.js:633:27)\n    at async FindCursor.fetchBatch (/workspaces/Article_Summarizer/server/node_modules/mongoose/node_modules/mongodb/lib/cursor/abstract_cursor.js:667:13)","timestamp":"2025-03-08T09:45:41.170Z"}
{"level":"info","message":"Attempting to connect to MongoDB...","timestamp":"2025-03-08T09:47:07.870Z"}
{"level":"info","message":"MongoDB connected successfully","timestamp":"2025-03-08T09:47:07.969Z"}
{"level":"info","message":"Server running on port 5000","timestamp":"2025-03-08T09:47:07.972Z"}
{"level":"info","message":"Fetching summaries...","timestamp":"2025-03-08T09:49:47.793Z"}
{"code":13,"codeName":"Unauthorized","errorLabelSet":{},"errorResponse":{"code":13,"codeName":"Unauthorized","errmsg":"not authorized on article_summarizer_db to execute command { find: \"summaries\", filter: {}, sort: { createdAt: -1 }, lsid: { id: UUID(\"03c6a8e9-b936-4cf1-8cde-1f662cc7d70b\") }, $db: \"article_summarizer_db\" }","ok":0},"level":"error","message":"Error fetching summaries: not authorized on article_summarizer_db to execute command { find: \"summaries\", filter: {}, sort: { createdAt: -1 }, lsid: { id: UUID(\"03c6a8e9-b936-4cf1-8cde-1f662cc7d70b\") }, $db: \"article_summarizer_db\" }","ok":0,"stack":"MongoServerError: not authorized on article_summarizer_db to execute command { find: \"summaries\", filter: {}, sort: { createdAt: -1 }, lsid: { id: UUID(\"03c6a8e9-b936-4cf1-8cde-1f662cc7d70b\") }, $db: \"article_summarizer_db\" }\n    at Connection.sendCommand (/workspaces/Article_Summarizer/server/node_modules/mongoose/node_modules/mongodb/lib/cmap/connection.js:299:27)\n    at process.processTicksAndRejections (node:internal/process/task_queues:95:5)\n    at async Connection.command (/workspaces/Article_Summarizer/server/node_modules/mongoose/node_modules/mongodb/lib/cmap/connection.js:327:26)\n    at async Server.command (/workspaces/Article_Summarizer/server/node_modules/mongoose/node_modules/mongodb/lib/sdam/server.js:168:29)\n    at async FindOperation.execute (/workspaces/Article_Summarizer/server/node_modules/mongoose/node_modules/mongodb/lib/operations/find.js:36:16)\n    at async tryOperation (/workspaces/Article_Summarizer/server/node_modules/mongoose/node_modules/mongodb/lib/operations/execute_operation.js:207:20)\n    at async executeOperation (/workspaces/Article_Summarizer/server/node_modules/mongoose/node_modules/mongodb/lib/operations/execute_operation.js:75:16)\n    at async FindCursor._initialize (/workspaces/Article_Summarizer/server/node_modules/mongoose/node_modules/mongodb/lib/cursor/find_cursor.js:61:26)\n    at async FindCursor.cursorInit (/workspaces/Article_Summarizer/server/node_modules/mongoose/node_modules/mongodb/lib/cursor/abstract_cursor.js:633:27)\n    at async FindCursor.fetchBatch (/workspaces/Article_Summarizer/server/node_modules/mongoose/node_modules/mongodb/lib/cursor/abstract_cursor.js:667:13)","timestamp":"2025-03-08T09:49:47.802Z"}
{"level":"info","message":"Attempting to connect to MongoDB...","timestamp":"2025-03-08T09:58:00.853Z"}
{"level":"info","message":"MongoDB connected successfully","timestamp":"2025-03-08T09:58:00.902Z"}
{"code":13,"level":"error","message":"MongoDB connection error: not authorized on admin to execute command { serverStatus: 1, lsid: { id: UUID(\"3bdff806-122c-4fad-ba53-fde32f8a1859\") }, $db: \"admin\" }","name":"MongoServerError","timestamp":"2025-03-08T09:58:00.907Z"}
{"level":"info","message":"Attempting to connect to MongoDB...","timestamp":"2025-03-08T09:58:11.662Z"}
{"level":"info","message":"MongoDB connected successfully","timestamp":"2025-03-08T09:58:11.709Z"}
{"code":13,"level":"error","message":"MongoDB connection error: not authorized on admin to execute command { serverStatus: 1, lsid: { id: UUID(\"75d0a516-e1f4-4b6f-8cc5-1412c8fa6bcf\") }, $db: \"admin\" }","name":"MongoServerError","timestamp":"2025-03-08T09:58:11.711Z"}
{"level":"info","message":"Attempting to connect to MongoDB...","timestamp":"2025-03-08T09:58:13.891Z"}
{"level":"info","message":"MongoDB connected successfully","timestamp":"2025-03-08T09:58:13.967Z"}
{"level":"info","message":"Attempting to connect to MongoDB...","timestamp":"2025-03-08T09:58:33.604Z"}
{"level":"info","message":"MongoDB connected successfully","timestamp":"2025-03-08T09:58:33.654Z"}
{"code":13,"level":"error","message":"MongoDB connection error: not authorized on admin to execute command { serverStatus: 1, lsid: { id: UUID(\"53b26b78-7fb2-4d08-989e-d1697bac9c31\") }, $db: \"admin\" }","name":"MongoServerError","timestamp":"2025-03-08T09:58:33.658Z"}
{"level":"info","message":"Attempting to connect to MongoDB...","timestamp":"2025-03-08T09:59:31.939Z"}
{"level":"info","message":"MongoDB connected successfully","timestamp":"2025-03-08T09:59:32.013Z"}
{"code":13,"level":"error","message":"MongoDB connection error: not authorized on admin to execute command { serverStatus: 1, lsid: { id: UUID(\"8ee9470e-5be1-4db3-99f7-8dc14f39601e\") }, $db: \"admin\" }","name":"MongoServerError","timestamp":"2025-03-08T09:59:32.017Z"}
{"level":"error","message":"MongoDB setup failed: adminDb.addUser is not a function","stack":"TypeError: adminDb.addUser is not a function\n    at setupMongoDB (/workspaces/Article_Summarizer/server/scripts/setup-mongodb.js:14:19)\n    at process.processTicksAndRejections (node:internal/process/task_queues:95:5)","timestamp":"2025-03-08T10:05:33.704Z"}
{"level":"info","message":"Attempting to connect to MongoDB...","timestamp":"2025-03-08T10:07:24.134Z"}
{"code":18,"level":"error","message":"MongoDB connection error: Authentication failed.","name":"MongoServerError","timestamp":"2025-03-08T10:07:24.198Z"}
{"level":"info","message":"Attempting to connect to MongoDB...","timestamp":"2025-03-08T10:10:24.474Z"}
{"code":18,"level":"error","message":"MongoDB connection error: Authentication failed.","name":"MongoServerError","timestamp":"2025-03-08T10:10:24.537Z"}
{"level":"info","message":"Attempting to connect to MongoDB...","timestamp":"2025-03-08T10:10:39.315Z"}
{"code":18,"level":"error","message":"MongoDB connection error: Authentication failed.","name":"MongoServerError","timestamp":"2025-03-08T10:10:39.358Z"}
{"level":"info","message":"Attempting to connect to MongoDB...","timestamp":"2025-03-08T10:13:45.213Z"}
{"code":18,"level":"error","message":"MongoDB connection error: Authentication failed.","name":"MongoServerError","timestamp":"2025-03-08T10:13:45.254Z"}
{"level":"info","message":"Attempting to connect to MongoDB...","timestamp":"2025-03-08T10:13:57.216Z"}
{"code":18,"level":"error","message":"MongoDB connection error: Authentication failed.","name":"MongoServerError","timestamp":"2025-03-08T10:13:57.257Z"}
